<?xml version="1.0" encoding="UTF-8"?>
<!-- Generated by org.testng.reporters.JUnitReportReporter -->
<testsuite skipped="0" hostname="Shikha" name="com.fastspring.testcase.Test_Cart_Checkout_changecountry" tests="1" failures="0" timestamp="29 Apr 2018 19:59:54 GMT" time="3.266" errors="0">
  <testcase name="verifyChangeCountry" time="3.266" classname="com.fastspring.testcase.Test_Cart_Checkout_changecountry"/>
</testsuite> <!-- com.fastspring.testcase.Test_Cart_Checkout_changecountry -->
