<?xml version="1.0" encoding="UTF-8"?>
<!-- Generated by org.testng.reporters.JUnitReportReporter -->
<testsuite skipped="0" hostname="Shikha" name="com.fastspring.testcase.Cart_Checkout" tests="6" failures="0" timestamp="28 Apr 2018 16:43:30 GMT" time="24.633" errors="0">
  <testcase name="launchBrowser" time="12.720" classname="com.fastspring.testcase.Cart_Checkout"/>
  <testcase name="verifyPageTitle" time="0.042" classname="com.fastspring.testcase.Cart_Checkout"/>
  <testcase name="verifyChangeCountry" time="2.895" classname="com.fastspring.testcase.Cart_Checkout"/>
  <testcase name="fillCheckoutDetails" time="3.731" classname="com.fastspring.testcase.Cart_Checkout"/>
  <testcase name="verifyTaxAmount" time="0.783" classname="com.fastspring.testcase.Cart_Checkout"/>
  <testcase name="submitpayment" time="4.462" classname="com.fastspring.testcase.Cart_Checkout"/>
</testsuite> <!-- com.fastspring.testcase.Cart_Checkout -->
