<?xml version="1.0" encoding="UTF-8"?>
<!-- Generated by org.testng.reporters.JUnitReportReporter -->
<testsuite skipped="0" hostname="Shikha" name="com.fastspring.testcase.Test_Cart_Checkout" tests="5" failures="0" timestamp="30 Apr 2018 20:25:01 GMT" time="12.964" errors="0">
  <testcase name="verifyPageTitle" time="0.142" classname="com.fastspring.testcase.Test_Cart_Checkout"/>
  <testcase name="verifyChangeCountry" time="3.049" classname="com.fastspring.testcase.Test_Cart_Checkout"/>
  <testcase name="fillCheckoutDetails" time="3.253" classname="com.fastspring.testcase.Test_Cart_Checkout"/>
  <testcase name="verifyTaxAmount" time="1.045" classname="com.fastspring.testcase.Test_Cart_Checkout"/>
  <testcase name="submitpayment" time="5.475" classname="com.fastspring.testcase.Test_Cart_Checkout"/>
</testsuite> <!-- com.fastspring.testcase.Test_Cart_Checkout -->
